  [1m[36m (1.2ms)[0m  [1mCREATE TABLE "schema_migrations" ("version" varchar NOT NULL) [0m
  [1m[35m (0.1ms)[0m  select sqlite_version(*)
  [1m[36m (0.8ms)[0m  [1mCREATE UNIQUE INDEX "unique_schema_migrations" ON "schema_migrations" ("version")[0m
  [1m[35mActiveRecord::SchemaMigration Load (0.1ms)[0m  SELECT "schema_migrations".* FROM "schema_migrations"
Migrating to CreateBooks (20151228145948)
  [1m[36m (0.1ms)[0m  [1mbegin transaction[0m
  [1m[35m (0.5ms)[0m  CREATE TABLE "books" ("id" INTEGER PRIMARY KEY AUTOINCREMENT NOT NULL, "name" varchar, "description" text, "price" integer, "created_at" datetime NOT NULL, "updated_at" datetime NOT NULL) 
  [1m[36mSQL (0.2ms)[0m  [1mINSERT INTO "schema_migrations" ("version") VALUES (?)[0m  [["version", "20151228145948"]]
  [1m[35m (0.8ms)[0m  commit transaction
  [1m[36mActiveRecord::SchemaMigration Load (0.1ms)[0m  [1mSELECT "schema_migrations".* FROM "schema_migrations"[0m


Started GET "/books" for ::1 at 2015-12-29 00:00:24 +0900
  [1m[36mActiveRecord::SchemaMigration Load (0.1ms)[0m  [1mSELECT "schema_migrations".* FROM "schema_migrations"[0m
Processing by BooksController#index as HTML
  [1m[35mBook Load (0.2ms)[0m  SELECT "books".* FROM "books"
  Rendered books/index.html.erb within layouts/application (3.2ms)
Completed 200 OK in 1125ms (Views: 1113.8ms | ActiveRecord: 0.3ms)


Started GET "/assets/scaffolds.self-b1677b479cb442f3cd6c1cd66b3cbdd27ee8c39115a446a1070b3f75cff33c1b.css?body=1" for ::1 at 2015-12-29 00:00:25 +0900


Started GET "/books/new" for ::1 at 2015-12-29 00:00:27 +0900
Processing by BooksController#new as HTML
  Rendered books/_form.html.erb (36.0ms)
  Rendered books/new.html.erb within layouts/application (51.8ms)
Completed 200 OK in 80ms (Views: 73.1ms | ActiveRecord: 0.5ms)


Started POST "/books" for ::1 at 2015-12-29 00:00:35 +0900
Processing by BooksController#create as HTML
  Parameters: {"utf8"=>"âœ“", "authenticity_token"=>"WQnmUL8HLvqJ+VR0SccbhKN6ZMISf4+aBwpRKz0Yd4vUrs71yOh1z6rFz0qJqbcXZhCX370YtcyaYfonTqgzzg==", "book"=>{"name"=>"å¾è¼©ã¯çŒ«ã§ã‚ã‚‹", "description"=>"", "price"=>"1000"}, "commit"=>"Create Book"}
  [1m[36m (0.1ms)[0m  [1mbegin transaction[0m
  [1m[35mSQL (0.5ms)[0m  INSERT INTO "books" ("name", "description", "price", "created_at", "updated_at") VALUES (?, ?, ?, ?, ?)  [["name", "å¾è¼©ã¯çŒ«ã§ã‚ã‚‹"], ["description", ""], ["price", 1000], ["created_at", "2015-12-28 15:00:35.557408"], ["updated_at", "2015-12-28 15:00:35.557408"]]
  [1m[36m (0.7ms)[0m  [1mcommit transaction[0m
Redirected to http://localhost:3000/books/1
Completed 302 Found in 10ms (ActiveRecord: 1.3ms)


Started GET "/books/1" for ::1 at 2015-12-29 00:00:35 +0900
Processing by BooksController#show as HTML
  Parameters: {"id"=>"1"}
  [1m[35mBook Load (0.2ms)[0m  SELECT  "books".* FROM "books" WHERE "books"."id" = ? LIMIT 1  [["id", 1]]
  Rendered books/show.html.erb within layouts/application (1.7ms)
Completed 200 OK in 40ms (Views: 30.5ms | ActiveRecord: 0.2ms)


Started GET "/books" for ::1 at 2015-12-29 00:00:37 +0900
Processing by BooksController#index as HTML
  [1m[36mBook Load (0.2ms)[0m  [1mSELECT "books".* FROM "books"[0m
  Rendered books/index.html.erb within layouts/application (2.3ms)
Completed 200 OK in 33ms (Views: 32.3ms | ActiveRecord: 0.2ms)


Started GET "/books/new" for ::1 at 2015-12-29 00:00:38 +0900
Processing by BooksController#new as HTML
  Rendered books/_form.html.erb (2.7ms)
  Rendered books/new.html.erb within layouts/application (4.5ms)
Completed 200 OK in 33ms (Views: 32.5ms | ActiveRecord: 0.0ms)


Started POST "/books" for ::1 at 2015-12-29 00:00:44 +0900
Processing by BooksController#create as HTML
  Parameters: {"utf8"=>"âœ“", "authenticity_token"=>"GArNlWqiUY9beAa0OSRsMlyvRaPwum6s17uQnsloWISVreUwHU0KunhEnYr5SsChmcW2vl/dVPpK0DuSutgcwQ==", "book"=>{"name"=>"åŠã¡ã‚ƒã‚“", "description"=>"", "price"=>"1200"}, "commit"=>"Create Book"}
  [1m[35m (0.1ms)[0m  begin transaction
  [1m[36mSQL (0.4ms)[0m  [1mINSERT INTO "books" ("name", "description", "price", "created_at", "updated_at") VALUES (?, ?, ?, ?, ?)[0m  [["name", "åŠã¡ã‚ƒã‚“"], ["description", ""], ["price", 1200], ["created_at", "2015-12-28 15:00:44.601679"], ["updated_at", "2015-12-28 15:00:44.601679"]]
  [1m[35m (0.8ms)[0m  commit transaction
Redirected to http://localhost:3000/books/2
Completed 302 Found in 5ms (ActiveRecord: 1.2ms)


Started GET "/books/2" for ::1 at 2015-12-29 00:00:44 +0900
Processing by BooksController#show as HTML
  Parameters: {"id"=>"2"}
  [1m[36mBook Load (0.4ms)[0m  [1mSELECT  "books".* FROM "books" WHERE "books"."id" = ? LIMIT 1[0m  [["id", 2]]
  Rendered books/show.html.erb within layouts/application (0.3ms)
Completed 200 OK in 32ms (Views: 30.5ms | ActiveRecord: 0.4ms)


Started GET "/books" for ::1 at 2015-12-29 00:01:06 +0900
Processing by BooksController#index as HTML
  [1m[35mBook Load (0.1ms)[0m  SELECT "books".* FROM "books"
  Rendered books/index.html.erb within layouts/application (1.4ms)
Completed 200 OK in 28ms (Views: 27.0ms | ActiveRecord: 0.1ms)


Started GET "/books/new" for ::1 at 2015-12-29 00:01:27 +0900
Processing by BooksController#new as HTML
  Rendered books/_form.html.erb (1.6ms)
  Rendered books/new.html.erb within layouts/application (3.5ms)
Completed 200 OK in 21ms (Views: 20.1ms | ActiveRecord: 0.0ms)


Started POST "/books" for ::1 at 2015-12-29 00:01:35 +0900
Processing by BooksController#create as HTML
  Parameters: {"utf8"=>"âœ“", "authenticity_token"=>"VFWSWwj6gb1L5MGNFCtuxi8Nx/RTq/3UQInA7jbjDR/Z8rr+fxXaiGjYWrPURcJV6mc06fzMx4Ld4mviRVNJWg==", "book"=>{"name"=>"è‰æž•", "description"=>"", "price"=>"900"}, "commit"=>"Create Book"}
  [1m[36m (0.1ms)[0m  [1mbegin transaction[0m
  [1m[35mSQL (0.3ms)[0m  INSERT INTO "books" ("name", "description", "price", "created_at", "updated_at") VALUES (?, ?, ?, ?, ?)  [["name", "è‰æž•"], ["description", ""], ["price", 900], ["created_at", "2015-12-28 15:01:35.130776"], ["updated_at", "2015-12-28 15:01:35.130776"]]
  [1m[36m (0.8ms)[0m  [1mcommit transaction[0m
Redirected to http://localhost:3000/books/3
Completed 302 Found in 4ms (ActiveRecord: 1.1ms)


Started GET "/books/3" for ::1 at 2015-12-29 00:01:35 +0900
Processing by BooksController#show as HTML
  Parameters: {"id"=>"3"}
  [1m[35mBook Load (0.1ms)[0m  SELECT  "books".* FROM "books" WHERE "books"."id" = ? LIMIT 1  [["id", 3]]
  Rendered books/show.html.erb within layouts/application (0.3ms)
Completed 200 OK in 15ms (Views: 14.2ms | ActiveRecord: 0.1ms)


Started GET "/books" for ::1 at 2015-12-29 00:01:36 +0900
Processing by BooksController#index as HTML
  [1m[36mBook Load (0.4ms)[0m  [1mSELECT "books".* FROM "books"[0m
  Rendered books/index.html.erb within layouts/application (2.6ms)
Completed 200 OK in 23ms (Views: 22.1ms | ActiveRecord: 0.4ms)


Started GET "/books/new" for ::1 at 2015-12-29 00:01:43 +0900
Processing by BooksController#new as HTML
  Rendered books/_form.html.erb (1.5ms)
  Rendered books/new.html.erb within layouts/application (3.2ms)
Completed 200 OK in 18ms (Views: 17.5ms | ActiveRecord: 0.0ms)


Started POST "/books" for ::1 at 2015-12-29 00:01:49 +0900
Processing by BooksController#create as HTML
  Parameters: {"utf8"=>"âœ“", "authenticity_token"=>"W0EvbzYbrpRjPnaP2BD/e6rOih3IWK1K+Woo4ewrdoPW5gfKQfT1oUAC7bEYflPob6R5AGc/lxxkAYPtn5syxg==", "book"=>{"name"=>"äºŒç™¾åæ—¥", "description"=>"", "price"=>"1100"}, "commit"=>"Create Book"}
  [1m[35m (0.1ms)[0m  begin transaction
  [1m[36mSQL (0.2ms)[0m  [1mINSERT INTO "books" ("name", "description", "price", "created_at", "updated_at") VALUES (?, ?, ?, ?, ?)[0m  [["name", "äºŒç™¾åæ—¥"], ["description", ""], ["price", 1100], ["created_at", "2015-12-28 15:01:49.962386"], ["updated_at", "2015-12-28 15:01:49.962386"]]
  [1m[35m (0.6ms)[0m  commit transaction
Redirected to http://localhost:3000/books/4
Completed 302 Found in 3ms (ActiveRecord: 0.9ms)


Started GET "/books/4" for ::1 at 2015-12-29 00:01:49 +0900
Processing by BooksController#show as HTML
  Parameters: {"id"=>"4"}
  [1m[36mBook Load (0.1ms)[0m  [1mSELECT  "books".* FROM "books" WHERE "books"."id" = ? LIMIT 1[0m  [["id", 4]]
  Rendered books/show.html.erb within layouts/application (0.3ms)
Completed 200 OK in 15ms (Views: 14.5ms | ActiveRecord: 0.1ms)


Started GET "/books" for ::1 at 2015-12-29 00:01:54 +0900
Processing by BooksController#index as HTML
  [1m[35mBook Load (0.1ms)[0m  SELECT "books".* FROM "books"
  Rendered books/index.html.erb within layouts/application (1.7ms)
Completed 200 OK in 18ms (Views: 17.2ms | ActiveRecord: 0.1ms)


Started GET "/books/new" for ::1 at 2015-12-29 00:01:56 +0900
Processing by BooksController#new as HTML
  Rendered books/_form.html.erb (1.7ms)
  Rendered books/new.html.erb within layouts/application (3.6ms)
Completed 200 OK in 20ms (Views: 19.3ms | ActiveRecord: 0.0ms)


Started POST "/books" for ::1 at 2015-12-29 00:02:09 +0900
Processing by BooksController#create as HTML
  Parameters: {"utf8"=>"âœ“", "authenticity_token"=>"TdgV5pPsSeK55coZ5oeSzwA+WDA8b0uysN9MvAwCG+zAfz1D5AMS15rZUScm6T5cxVSrLZMIceQttOewf7JfqQ==", "book"=>{"name"=>"é‡Žåˆ†", "description"=>"", "price"=>"1500"}, "commit"=>"Create Book"}
  [1m[36m (0.1ms)[0m  [1mbegin transaction[0m
  [1m[35mSQL (0.2ms)[0m  INSERT INTO "books" ("name", "description", "price", "created_at", "updated_at") VALUES (?, ?, ?, ?, ?)  [["name", "é‡Žåˆ†"], ["description", ""], ["price", 1500], ["created_at", "2015-12-28 15:02:09.844694"], ["updated_at", "2015-12-28 15:02:09.844694"]]
  [1m[36m (0.8ms)[0m  [1mcommit transaction[0m
Redirected to http://localhost:3000/books/5
Completed 302 Found in 4ms (ActiveRecord: 1.2ms)


Started GET "/books/5" for ::1 at 2015-12-29 00:02:09 +0900
Processing by BooksController#show as HTML
  Parameters: {"id"=>"5"}
  [1m[35mBook Load (0.1ms)[0m  SELECT  "books".* FROM "books" WHERE "books"."id" = ? LIMIT 1  [["id", 5]]
  Rendered books/show.html.erb within layouts/application (0.5ms)
Completed 200 OK in 16ms (Views: 14.6ms | ActiveRecord: 0.1ms)


Started GET "/books" for ::1 at 2015-12-29 00:02:11 +0900
Processing by BooksController#index as HTML
  [1m[36mBook Load (0.2ms)[0m  [1mSELECT "books".* FROM "books"[0m
  Rendered books/index.html.erb within layouts/application (2.1ms)
Completed 200 OK in 17ms (Views: 16.5ms | ActiveRecord: 0.2ms)
